{"C:\\Users\\MdNad\\dev\\lfa\\project_1\\GeoQuest\\GeoQuest\\front-end\\questions.js": {"path":"C:\\Users\\MdNad\\dev\\lfa\\project_1\\GeoQuest\\GeoQuest\\front-end\\questions.js","statementMap":{"0":{"start":{"line":1,"column":15},"end":{"line":1,"column":16}},"1":{"start":{"line":2,"column":13},"end":{"line":2,"column":14}},"2":{"start":{"line":4,"column":20},"end":{"line":4,"column":22}},"3":{"start":{"line":6,"column":22},"end":{"line":24,"column":1}},"4":{"start":{"line":7,"column":2},"end":{"line":23,"column":3}},"5":{"start":{"line":8,"column":21},"end":{"line":8,"column":68}},"6":{"start":{"line":9,"column":4},"end":{"line":12,"column":5}},"7":{"start":{"line":10,"column":6},"end":{"line":10,"column":69}},"8":{"start":{"line":11,"column":6},"end":{"line":11,"column":16}},"9":{"start":{"line":13,"column":17},"end":{"line":13,"column":38}},"10":{"start":{"line":14,"column":4},"end":{"line":19,"column":5}},"11":{"start":{"line":15,"column":6},"end":{"line":15,"column":18}},"12":{"start":{"line":17,"column":6},"end":{"line":17,"column":68}},"13":{"start":{"line":18,"column":6},"end":{"line":18,"column":16}},"14":{"start":{"line":21,"column":4},"end":{"line":21,"column":61}},"15":{"start":{"line":22,"column":4},"end":{"line":22,"column":14}},"16":{"start":{"line":27,"column":21},"end":{"line":27,"column":33}},"17":{"start":{"line":30,"column":2},"end":{"line":38,"column":3}},"18":{"start":{"line":31,"column":4},"end":{"line":31,"column":59}},"19":{"start":{"line":32,"column":4},"end":{"line":32,"column":19}},"20":{"start":{"line":34,"column":4},"end":{"line":37,"column":6}},"21":{"start":{"line":40,"column":2},"end":{"line":40,"column":15}},"22":{"start":{"line":44,"column":26},"end":{"line":44,"column":43}},"23":{"start":{"line":46,"column":2},"end":{"line":49,"column":3}},"24":{"start":{"line":47,"column":4},"end":{"line":47,"column":45}},"25":{"start":{"line":48,"column":4},"end":{"line":48,"column":11}},"26":{"start":{"line":51,"column":26},"end":{"line":51,"column":61}},"27":{"start":{"line":52,"column":25},"end":{"line":54,"column":3}},"28":{"start":{"line":55,"column":23},"end":{"line":55,"column":63}},"29":{"start":{"line":56,"column":24},"end":{"line":56,"column":57}},"30":{"start":{"line":58,"column":2},"end":{"line":60,"column":5}},"31":{"start":{"line":62,"column":2},"end":{"line":64,"column":5}},"32":{"start":{"line":63,"column":4},"end":{"line":63,"column":32}},"33":{"start":{"line":66,"column":18},"end":{"line":69,"column":3}},"34":{"start":{"line":71,"column":20},"end":{"line":71,"column":64}},"35":{"start":{"line":72,"column":20},"end":{"line":72,"column":63}},"36":{"start":{"line":73,"column":2},"end":{"line":73,"column":27}},"37":{"start":{"line":75,"column":23},"end":{"line":75,"column":25}},"38":{"start":{"line":76,"column":2},"end":{"line":80,"column":5}},"39":{"start":{"line":77,"column":4},"end":{"line":79,"column":15}},"40":{"start":{"line":82,"column":22},"end":{"line":82,"column":43}},"41":{"start":{"line":83,"column":2},"end":{"line":85,"column":5}},"42":{"start":{"line":84,"column":4},"end":{"line":84,"column":46}},"43":{"start":{"line":87,"column":2},"end":{"line":91,"column":3}},"44":{"start":{"line":88,"column":4},"end":{"line":88,"column":30}},"45":{"start":{"line":90,"column":4},"end":{"line":90,"column":29}},"46":{"start":{"line":93,"column":2},"end":{"line":93,"column":32}},"47":{"start":{"line":94,"column":2},"end":{"line":94,"column":33}},"48":{"start":{"line":98,"column":25},"end":{"line":100,"column":3}},"49":{"start":{"line":102,"column":26},"end":{"line":104,"column":4}},"50":{"start":{"line":103,"column":4},"end":{"line":103,"column":27}},"51":{"start":{"line":106,"column":2},"end":{"line":108,"column":5}},"52":{"start":{"line":107,"column":4},"end":{"line":107,"column":32}},"53":{"start":{"line":109,"column":2},"end":{"line":109,"column":52}},"54":{"start":{"line":110,"column":2},"end":{"line":110,"column":27}},"55":{"start":{"line":114,"column":2},"end":{"line":114,"column":40}},"56":{"start":{"line":115,"column":2},"end":{"line":117,"column":3}},"57":{"start":{"line":116,"column":4},"end":{"line":116,"column":36}},"58":{"start":{"line":121,"column":2},"end":{"line":141,"column":3}},"59":{"start":{"line":122,"column":23},"end":{"line":124,"column":11}},"60":{"start":{"line":126,"column":15},"end":{"line":126,"column":75}},"61":{"start":{"line":128,"column":4},"end":{"line":137,"column":5}},"62":{"start":{"line":129,"column":19},"end":{"line":129,"column":36}},"63":{"start":{"line":131,"column":6},"end":{"line":135,"column":7}},"64":{"start":{"line":132,"column":8},"end":{"line":132,"column":38}},"65":{"start":{"line":134,"column":8},"end":{"line":134,"column":36}},"66":{"start":{"line":136,"column":6},"end":{"line":136,"column":23}},"67":{"start":{"line":139,"column":4},"end":{"line":139,"column":29}},"68":{"start":{"line":140,"column":4},"end":{"line":140,"column":58}},"69":{"start":{"line":145,"column":2},"end":{"line":151,"column":3}},"70":{"start":{"line":146,"column":4},"end":{"line":146,"column":54}},"71":{"start":{"line":147,"column":4},"end":{"line":147,"column":30}},"72":{"start":{"line":149,"column":4},"end":{"line":149,"column":16}},"73":{"start":{"line":150,"column":4},"end":{"line":150,"column":36}},"74":{"start":{"line":153,"column":0},"end":{"line":169,"column":3}},"75":{"start":{"line":154,"column":20},"end":{"line":154,"column":60}},"76":{"start":{"line":155,"column":2},"end":{"line":155,"column":52}},"77":{"start":{"line":157,"column":2},"end":{"line":159,"column":5}},"78":{"start":{"line":158,"column":4},"end":{"line":158,"column":18}},"79":{"start":{"line":161,"column":2},"end":{"line":166,"column":5}},"80":{"start":{"line":162,"column":4},"end":{"line":165,"column":5}},"81":{"start":{"line":163,"column":6},"end":{"line":163,"column":20}},"82":{"start":{"line":164,"column":6},"end":{"line":164,"column":20}},"83":{"start":{"line":168,"column":2},"end":{"line":168,"column":25}},"84":{"start":{"line":171,"column":0},"end":{"line":180,"column":2}}},"fnMap":{"0":{"name":"(anonymous_0)","decl":{"start":{"line":6,"column":22},"end":{"line":6,"column":23}},"loc":{"start":{"line":6,"column":34},"end":{"line":24,"column":1}},"line":6},"1":{"name":"shuffle","decl":{"start":{"line":26,"column":9},"end":{"line":26,"column":16}},"loc":{"start":{"line":26,"column":24},"end":{"line":41,"column":1}},"line":26},"2":{"name":"displayQuestions","decl":{"start":{"line":43,"column":9},"end":{"line":43,"column":25}},"loc":{"start":{"line":43,"column":37},"end":{"line":95,"column":1}},"line":43},"3":{"name":"(anonymous_3)","decl":{"start":{"line":62,"column":25},"end":{"line":62,"column":26}},"loc":{"start":{"line":62,"column":42},"end":{"line":64,"column":3}},"line":62},"4":{"name":"(anonymous_4)","decl":{"start":{"line":76,"column":25},"end":{"line":76,"column":26}},"loc":{"start":{"line":76,"column":49},"end":{"line":80,"column":3}},"line":76},"5":{"name":"(anonymous_5)","decl":{"start":{"line":83,"column":22},"end":{"line":83,"column":23}},"loc":{"start":{"line":83,"column":46},"end":{"line":85,"column":3}},"line":83},"6":{"name":"fifty_fifty","decl":{"start":{"line":97,"column":9},"end":{"line":97,"column":20}},"loc":{"start":{"line":97,"column":23},"end":{"line":111,"column":1}},"line":97},"7":{"name":"(anonymous_7)","decl":{"start":{"line":102,"column":60},"end":{"line":102,"column":61}},"loc":{"start":{"line":102,"column":74},"end":{"line":104,"column":3}},"line":102},"8":{"name":"(anonymous_8)","decl":{"start":{"line":106,"column":26},"end":{"line":106,"column":27}},"loc":{"start":{"line":106,"column":43},"end":{"line":108,"column":3}},"line":106},"9":{"name":"initializeGame","decl":{"start":{"line":113,"column":15},"end":{"line":113,"column":29}},"loc":{"start":{"line":113,"column":32},"end":{"line":118,"column":1}},"line":113},"10":{"name":"checkAnswer","decl":{"start":{"line":120,"column":15},"end":{"line":120,"column":26}},"loc":{"start":{"line":120,"column":29},"end":{"line":142,"column":1}},"line":120},"11":{"name":"isLastQuestion","decl":{"start":{"line":144,"column":15},"end":{"line":144,"column":29}},"loc":{"start":{"line":144,"column":32},"end":{"line":152,"column":1}},"line":144},"12":{"name":"(anonymous_12)","decl":{"start":{"line":153,"column":46},"end":{"line":153,"column":47}},"loc":{"start":{"line":153,"column":58},"end":{"line":169,"column":1}},"line":153},"13":{"name":"(anonymous_13)","decl":{"start":{"line":157,"column":38},"end":{"line":157,"column":39}},"loc":{"start":{"line":157,"column":50},"end":{"line":159,"column":3}},"line":157},"14":{"name":"(anonymous_14)","decl":{"start":{"line":161,"column":37},"end":{"line":161,"column":38}},"loc":{"start":{"line":161,"column":49},"end":{"line":166,"column":3}},"line":161}},"branchMap":{"0":{"loc":{"start":{"line":9,"column":4},"end":{"line":12,"column":5}},"type":"if","locations":[{"start":{"line":9,"column":4},"end":{"line":12,"column":5}},{"start":{},"end":{}}],"line":9},"1":{"loc":{"start":{"line":14,"column":4},"end":{"line":19,"column":5}},"type":"if","locations":[{"start":{"line":14,"column":4},"end":{"line":19,"column":5}},{"start":{"line":16,"column":11},"end":{"line":19,"column":5}}],"line":14},"2":{"loc":{"start":{"line":14,"column":8},"end":{"line":14,"column":46}},"type":"binary-expr","locations":[{"start":{"line":14,"column":8},"end":{"line":14,"column":27}},{"start":{"line":14,"column":31},"end":{"line":14,"column":46}}],"line":14},"3":{"loc":{"start":{"line":46,"column":2},"end":{"line":49,"column":3}},"type":"if","locations":[{"start":{"line":46,"column":2},"end":{"line":49,"column":3}},{"start":{},"end":{}}],"line":46},"4":{"loc":{"start":{"line":87,"column":2},"end":{"line":91,"column":3}},"type":"if","locations":[{"start":{"line":87,"column":2},"end":{"line":91,"column":3}},{"start":{"line":89,"column":9},"end":{"line":91,"column":3}}],"line":87},"5":{"loc":{"start":{"line":115,"column":2},"end":{"line":117,"column":3}},"type":"if","locations":[{"start":{"line":115,"column":2},"end":{"line":117,"column":3}},{"start":{},"end":{}}],"line":115},"6":{"loc":{"start":{"line":121,"column":2},"end":{"line":141,"column":3}},"type":"if","locations":[{"start":{"line":121,"column":2},"end":{"line":141,"column":3}},{"start":{"line":138,"column":9},"end":{"line":141,"column":3}}],"line":121},"7":{"loc":{"start":{"line":128,"column":4},"end":{"line":137,"column":5}},"type":"if","locations":[{"start":{"line":128,"column":4},"end":{"line":137,"column":5}},{"start":{},"end":{}}],"line":128},"8":{"loc":{"start":{"line":131,"column":6},"end":{"line":135,"column":7}},"type":"if","locations":[{"start":{"line":131,"column":6},"end":{"line":135,"column":7}},{"start":{"line":133,"column":13},"end":{"line":135,"column":7}}],"line":131},"9":{"loc":{"start":{"line":145,"column":2},"end":{"line":151,"column":3}},"type":"if","locations":[{"start":{"line":145,"column":2},"end":{"line":151,"column":3}},{"start":{"line":148,"column":9},"end":{"line":151,"column":3}}],"line":145},"10":{"loc":{"start":{"line":162,"column":4},"end":{"line":165,"column":5}},"type":"if","locations":[{"start":{"line":162,"column":4},"end":{"line":165,"column":5}},{"start":{},"end":{}}],"line":162}},"s":{"0":1,"1":1,"2":1,"3":1,"4":3,"5":3,"6":3,"7":1,"8":1,"9":2,"10":2,"11":2,"12":0,"13":0,"14":0,"15":0,"16":4,"17":4,"18":17,"19":17,"20":17,"21":4,"22":4,"23":4,"24":4,"25":4,"26":0,"27":0,"28":0,"29":0,"30":0,"31":0,"32":0,"33":0,"34":0,"35":0,"36":0,"37":0,"38":0,"39":0,"40":0,"41":0,"42":0,"43":0,"44":0,"45":0,"46":0,"47":0,"48":1,"49":1,"50":4,"51":1,"52":2,"53":1,"54":1,"55":0,"56":0,"57":0,"58":3,"59":2,"60":2,"61":2,"62":2,"63":2,"64":1,"65":1,"66":2,"67":1,"68":1,"69":3,"70":0,"71":0,"72":3,"73":3,"74":1,"75":0,"76":0,"77":0,"78":0,"79":0,"80":0,"81":0,"82":0,"83":0,"84":1},"f":{"0":3,"1":4,"2":4,"3":0,"4":0,"5":0,"6":1,"7":4,"8":2,"9":0,"10":3,"11":3,"12":0,"13":0,"14":0},"b":{"0":[1,2],"1":[2,0],"2":[2,2],"3":[4,0],"4":[0,0],"5":[0,0],"6":[2,1],"7":[2,0],"8":[1,1],"9":[0,3],"10":[0,0]},"_coverageSchema":"1a1c01bbd47fc00a2c39e90264f33305004495a9","hash":"ca065e4fe413f759264e3d417e630d483a626132"}
}
