{"/Users/haniehzaab/Desktop/La Fosse/Lap1/geoQuest-assignment/GeoQuest/GeoQuest/front-end/questions.js": {"path":"/Users/haniehzaab/Desktop/La Fosse/Lap1/geoQuest-assignment/GeoQuest/GeoQuest/front-end/questions.js","statementMap":{"0":{"start":{"line":2,"column":2},"end":{"line":2,"column":22}},"1":{"start":{"line":3,"column":2},"end":{"line":17,"column":3}},"2":{"start":{"line":5,"column":19},"end":{"line":5,"column":66}},"3":{"start":{"line":7,"column":4},"end":{"line":9,"column":5}},"4":{"start":{"line":8,"column":6},"end":{"line":8,"column":52}},"5":{"start":{"line":11,"column":17},"end":{"line":11,"column":38}},"6":{"start":{"line":13,"column":4},"end":{"line":13,"column":35}},"7":{"start":{"line":15,"column":4},"end":{"line":15,"column":53}},"8":{"start":{"line":16,"column":4},"end":{"line":16,"column":14}},"9":{"start":{"line":21,"column":26},"end":{"line":21,"column":57}},"10":{"start":{"line":22,"column":26},"end":{"line":22,"column":61}},"11":{"start":{"line":23,"column":25},"end":{"line":25,"column":3}},"12":{"start":{"line":26,"column":23},"end":{"line":26,"column":63}},"13":{"start":{"line":27,"column":24},"end":{"line":27,"column":57}},"14":{"start":{"line":29,"column":2},"end":{"line":31,"column":5}},"15":{"start":{"line":34,"column":2},"end":{"line":36,"column":5}},"16":{"start":{"line":35,"column":4},"end":{"line":35,"column":32}},"17":{"start":{"line":38,"column":18},"end":{"line":41,"column":3}},"18":{"start":{"line":43,"column":18},"end":{"line":43,"column":62}},"19":{"start":{"line":44,"column":20},"end":{"line":44,"column":63}},"20":{"start":{"line":45,"column":2},"end":{"line":45,"column":27}},"21":{"start":{"line":46,"column":2},"end":{"line":51,"column":5}},"22":{"start":{"line":47,"column":4},"end":{"line":49,"column":14}},"23":{"start":{"line":53,"column":2},"end":{"line":53,"column":32}},"24":{"start":{"line":54,"column":2},"end":{"line":54,"column":33}},"25":{"start":{"line":57,"column":0},"end":{"line":116,"column":3}},"26":{"start":{"line":58,"column":20},"end":{"line":58,"column":60}},"27":{"start":{"line":61,"column":4},"end":{"line":87,"column":5}},"28":{"start":{"line":62,"column":6},"end":{"line":62,"column":29}},"29":{"start":{"line":63,"column":25},"end":{"line":65,"column":13}},"30":{"start":{"line":66,"column":6},"end":{"line":66,"column":32}},"31":{"start":{"line":67,"column":17},"end":{"line":67,"column":77}},"32":{"start":{"line":69,"column":6},"end":{"line":83,"column":7}},"33":{"start":{"line":70,"column":21},"end":{"line":70,"column":38}},"34":{"start":{"line":71,"column":8},"end":{"line":71,"column":47}},"35":{"start":{"line":72,"column":8},"end":{"line":82,"column":9}},"36":{"start":{"line":76,"column":10},"end":{"line":76,"column":40}},"37":{"start":{"line":77,"column":10},"end":{"line":77,"column":27}},"38":{"start":{"line":79,"column":10},"end":{"line":79,"column":38}},"39":{"start":{"line":80,"column":10},"end":{"line":80,"column":22}},"40":{"start":{"line":81,"column":10},"end":{"line":81,"column":32}},"41":{"start":{"line":85,"column":6},"end":{"line":85,"column":31}},"42":{"start":{"line":86,"column":6},"end":{"line":86,"column":60}},"43":{"start":{"line":92,"column":15},"end":{"line":92,"column":61}},"44":{"start":{"line":93,"column":4},"end":{"line":104,"column":5}},"45":{"start":{"line":94,"column":19},"end":{"line":94,"column":36}},"46":{"start":{"line":95,"column":6},"end":{"line":101,"column":7}},"47":{"start":{"line":97,"column":8},"end":{"line":97,"column":31}},"48":{"start":{"line":99,"column":8},"end":{"line":99,"column":20}},"49":{"start":{"line":100,"column":8},"end":{"line":100,"column":30}},"50":{"start":{"line":103,"column":6},"end":{"line":103,"column":59}},"51":{"start":{"line":106,"column":15},"end":{"line":106,"column":16}},"52":{"start":{"line":111,"column":2},"end":{"line":113,"column":5}},"53":{"start":{"line":112,"column":4},"end":{"line":112,"column":24}},"54":{"start":{"line":115,"column":2},"end":{"line":115,"column":24}},"55":{"start":{"line":118,"column":0},"end":{"line":118,"column":53}}},"fnMap":{"0":{"name":"loadQuestions","decl":{"start":{"line":1,"column":15},"end":{"line":1,"column":28}},"loc":{"start":{"line":1,"column":51},"end":{"line":18,"column":1}},"line":1},"1":{"name":"displayQuestions","decl":{"start":{"line":20,"column":9},"end":{"line":20,"column":25}},"loc":{"start":{"line":20,"column":59},"end":{"line":55,"column":1}},"line":20},"2":{"name":"(anonymous_2)","decl":{"start":{"line":34,"column":25},"end":{"line":34,"column":26}},"loc":{"start":{"line":34,"column":42},"end":{"line":36,"column":3}},"line":34},"3":{"name":"(anonymous_3)","decl":{"start":{"line":46,"column":25},"end":{"line":46,"column":26}},"loc":{"start":{"line":46,"column":49},"end":{"line":51,"column":3}},"line":46},"4":{"name":"(anonymous_4)","decl":{"start":{"line":57,"column":46},"end":{"line":57,"column":47}},"loc":{"start":{"line":57,"column":52},"end":{"line":116,"column":1}},"line":57},"5":{"name":"checkAnswer","decl":{"start":{"line":60,"column":17},"end":{"line":60,"column":28}},"loc":{"start":{"line":60,"column":51},"end":{"line":88,"column":3}},"line":60},"6":{"name":"isLastQuestion","decl":{"start":{"line":91,"column":17},"end":{"line":91,"column":31}},"loc":{"start":{"line":91,"column":34},"end":{"line":105,"column":3}},"line":91},"7":{"name":"(anonymous_7)","decl":{"start":{"line":111,"column":38},"end":{"line":111,"column":39}},"loc":{"start":{"line":111,"column":44},"end":{"line":113,"column":3}},"line":111}},"branchMap":{"0":{"loc":{"start":{"line":7,"column":4},"end":{"line":9,"column":5}},"type":"if","locations":[{"start":{"line":7,"column":4},"end":{"line":9,"column":5}},{"start":{},"end":{}}],"line":7},"1":{"loc":{"start":{"line":61,"column":4},"end":{"line":87,"column":5}},"type":"if","locations":[{"start":{"line":61,"column":4},"end":{"line":87,"column":5}},{"start":{"line":84,"column":11},"end":{"line":87,"column":5}}],"line":61},"2":{"loc":{"start":{"line":69,"column":6},"end":{"line":83,"column":7}},"type":"if","locations":[{"start":{"line":69,"column":6},"end":{"line":83,"column":7}},{"start":{},"end":{}}],"line":69},"3":{"loc":{"start":{"line":72,"column":8},"end":{"line":82,"column":9}},"type":"if","locations":[{"start":{"line":72,"column":8},"end":{"line":82,"column":9}},{"start":{"line":78,"column":15},"end":{"line":82,"column":9}}],"line":72},"4":{"loc":{"start":{"line":93,"column":4},"end":{"line":104,"column":5}},"type":"if","locations":[{"start":{"line":93,"column":4},"end":{"line":104,"column":5}},{"start":{"line":102,"column":11},"end":{"line":104,"column":5}}],"line":93},"5":{"loc":{"start":{"line":95,"column":6},"end":{"line":101,"column":7}},"type":"if","locations":[{"start":{"line":95,"column":6},"end":{"line":101,"column":7}},{"start":{"line":98,"column":13},"end":{"line":101,"column":7}}],"line":95}},"s":{"0":0,"1":0,"2":0,"3":0,"4":0,"5":0,"6":0,"7":0,"8":0,"9":0,"10":0,"11":0,"12":0,"13":0,"14":0,"15":0,"16":0,"17":0,"18":0,"19":0,"20":0,"21":0,"22":0,"23":0,"24":0,"25":1,"26":0,"27":0,"28":0,"29":0,"30":0,"31":0,"32":0,"33":0,"34":0,"35":0,"36":0,"37":0,"38":0,"39":0,"40":0,"41":0,"42":0,"43":0,"44":0,"45":0,"46":0,"47":0,"48":0,"49":0,"50":0,"51":0,"52":0,"53":0,"54":0,"55":1},"f":{"0":0,"1":0,"2":0,"3":0,"4":0,"5":0,"6":0,"7":0},"b":{"0":[0,0],"1":[0,0],"2":[0,0],"3":[0,0],"4":[0,0],"5":[0,0]},"_coverageSchema":"1a1c01bbd47fc00a2c39e90264f33305004495a9","hash":"b9d36b05c2118703d1e604e72913267ccce1884a"}
}
