TN:
SF:questions.js
FN:1,loadQuestions
FN:20,displayQuestions
FN:34,(anonymous_2)
FN:46,(anonymous_3)
FN:57,(anonymous_4)
FN:60,checkAnswer
FN:91,isLastQuestion
FN:111,(anonymous_7)
FNF:8
FNH:0
FNDA:0,loadQuestions
FNDA:0,displayQuestions
FNDA:0,(anonymous_2)
FNDA:0,(anonymous_3)
FNDA:0,(anonymous_4)
FNDA:0,checkAnswer
FNDA:0,isLastQuestion
FNDA:0,(anonymous_7)
DA:2,0
DA:3,0
DA:5,0
DA:7,0
DA:8,0
DA:11,0
DA:13,0
DA:15,0
DA:16,0
DA:21,0
DA:22,0
DA:23,0
DA:26,0
DA:27,0
DA:29,0
DA:34,0
DA:35,0
DA:38,0
DA:43,0
DA:44,0
DA:45,0
DA:46,0
DA:47,0
DA:53,0
DA:54,0
DA:57,1
DA:58,0
DA:61,0
DA:62,0
DA:63,0
DA:66,0
DA:67,0
DA:69,0
DA:70,0
DA:71,0
DA:72,0
DA:76,0
DA:77,0
DA:79,0
DA:80,0
DA:81,0
DA:85,0
DA:86,0
DA:92,0
DA:93,0
DA:94,0
DA:95,0
DA:97,0
DA:99,0
DA:100,0
DA:103,0
DA:106,0
DA:111,0
DA:112,0
DA:115,0
DA:118,1
LF:56
LH:2
BRDA:7,0,0,0
BRDA:7,0,1,0
BRDA:61,1,0,0
BRDA:61,1,1,0
BRDA:69,2,0,0
BRDA:69,2,1,0
BRDA:72,3,0,0
BRDA:72,3,1,0
BRDA:93,4,0,0
BRDA:93,4,1,0
BRDA:95,5,0,0
BRDA:95,5,1,0
BRF:12
BRH:0
end_of_record
