TN:
SF:questions.js
FN:6,(anonymous_0)
FN:26,shuffle
FN:43,displayQuestions
FN:62,(anonymous_3)
FN:76,(anonymous_4)
FN:83,(anonymous_5)
FN:97,fifty_fifty
FN:102,(anonymous_7)
FN:106,(anonymous_8)
FN:113,initializeGame
FN:120,checkAnswer
FN:144,isLastQuestion
FN:153,(anonymous_12)
FN:157,(anonymous_13)
FN:161,(anonymous_14)
FNF:15
FNH:8
FNDA:3,(anonymous_0)
FNDA:4,shuffle
FNDA:4,displayQuestions
FNDA:0,(anonymous_3)
FNDA:0,(anonymous_4)
FNDA:0,(anonymous_5)
FNDA:1,fifty_fifty
FNDA:4,(anonymous_7)
FNDA:2,(anonymous_8)
FNDA:0,initializeGame
FNDA:3,checkAnswer
FNDA:3,isLastQuestion
FNDA:0,(anonymous_12)
FNDA:0,(anonymous_13)
FNDA:0,(anonymous_14)
DA:1,1
DA:2,1
DA:4,1
DA:6,1
DA:7,3
DA:8,3
DA:9,3
DA:10,1
DA:11,1
DA:13,2
DA:14,2
DA:15,2
DA:17,0
DA:18,0
DA:21,0
DA:22,0
DA:27,4
DA:30,4
DA:31,17
DA:32,17
DA:34,17
DA:40,4
DA:44,4
DA:46,4
DA:47,4
DA:48,4
DA:51,0
DA:52,0
DA:55,0
DA:56,0
DA:58,0
DA:62,0
DA:63,0
DA:66,0
DA:71,0
DA:72,0
DA:73,0
DA:75,0
DA:76,0
DA:77,0
DA:82,0
DA:83,0
DA:84,0
DA:87,0
DA:88,0
DA:90,0
DA:93,0
DA:94,0
DA:98,1
DA:102,1
DA:103,4
DA:106,1
DA:107,2
DA:109,1
DA:110,1
DA:114,0
DA:115,0
DA:116,0
DA:121,3
DA:122,2
DA:126,2
DA:128,2
DA:129,2
DA:131,2
DA:132,1
DA:134,1
DA:136,2
DA:139,1
DA:140,1
DA:145,3
DA:146,0
DA:147,0
DA:149,3
DA:150,3
DA:153,1
DA:154,0
DA:155,0
DA:157,0
DA:158,0
DA:161,0
DA:162,0
DA:163,0
DA:164,0
DA:168,0
DA:171,1
LF:85
LH:45
BRDA:9,0,0,1
BRDA:9,0,1,2
BRDA:14,1,0,2
BRDA:14,1,1,0
BRDA:14,2,0,2
BRDA:14,2,1,2
BRDA:46,3,0,4
BRDA:46,3,1,0
BRDA:87,4,0,0
BRDA:87,4,1,0
BRDA:115,5,0,0
BRDA:115,5,1,0
BRDA:121,6,0,2
BRDA:121,6,1,1
BRDA:128,7,0,2
BRDA:128,7,1,0
BRDA:131,8,0,1
BRDA:131,8,1,1
BRDA:145,9,0,0
BRDA:145,9,1,3
BRDA:162,10,0,0
BRDA:162,10,1,0
BRF:22
BRH:12
end_of_record
