{"C:\\Users\\justi\\OneDrive\\Desktop\\Lafosse\\GeoQuest\\GeoQuest\\back-end\\app.js": {"path":"C:\\Users\\justi\\OneDrive\\Desktop\\Lafosse\\GeoQuest\\GeoQuest\\back-end\\app.js","statementMap":{"0":{"start":{"line":1,"column":13},"end":{"line":1,"column":28}},"1":{"start":{"line":2,"column":16},"end":{"line":2,"column":34}},"2":{"start":{"line":3,"column":11},"end":{"line":3,"column":24}},"3":{"start":{"line":5,"column":12},"end":{"line":5,"column":21}},"4":{"start":{"line":7,"column":18},"end":{"line":7,"column":45}},"5":{"start":{"line":8,"column":17},"end":{"line":8,"column":44}},"6":{"start":{"line":11,"column":16},"end":{"line":11,"column":60}},"7":{"start":{"line":12,"column":24},"end":{"line":12,"column":43}},"8":{"start":{"line":15,"column":0},"end":{"line":18,"column":3}},"9":{"start":{"line":16,"column":1},"end":{"line":16,"column":25}},"10":{"start":{"line":26,"column":0},"end":{"line":26,"column":16}},"11":{"start":{"line":27,"column":0},"end":{"line":27,"column":24}},"12":{"start":{"line":29,"column":0},"end":{"line":31,"column":3}},"13":{"start":{"line":30,"column":1},"end":{"line":30,"column":33}},"14":{"start":{"line":33,"column":0},"end":{"line":35,"column":3}},"15":{"start":{"line":34,"column":1},"end":{"line":34,"column":21}},"16":{"start":{"line":37,"column":0},"end":{"line":51,"column":3}},"17":{"start":{"line":38,"column":13},"end":{"line":38,"column":36}},"18":{"start":{"line":40,"column":1},"end":{"line":42,"column":2}},"19":{"start":{"line":41,"column":2},"end":{"line":41,"column":55}},"20":{"start":{"line":44,"column":18},"end":{"line":44,"column":67}},"21":{"start":{"line":44,"column":47},"end":{"line":44,"column":66}},"22":{"start":{"line":46,"column":1},"end":{"line":48,"column":2}},"23":{"start":{"line":47,"column":2},"end":{"line":47,"column":63}},"24":{"start":{"line":50,"column":1},"end":{"line":50,"column":20}},"25":{"start":{"line":53,"column":0},"end":{"line":53,"column":21}}},"fnMap":{"0":{"name":"(anonymous_0)","decl":{"start":{"line":15,"column":24},"end":{"line":15,"column":25}},"loc":{"start":{"line":15,"column":45},"end":{"line":18,"column":1}},"line":15},"1":{"name":"(anonymous_1)","decl":{"start":{"line":29,"column":13},"end":{"line":29,"column":14}},"loc":{"start":{"line":29,"column":27},"end":{"line":31,"column":1}},"line":29},"2":{"name":"(anonymous_2)","decl":{"start":{"line":33,"column":22},"end":{"line":33,"column":23}},"loc":{"start":{"line":33,"column":36},"end":{"line":35,"column":1}},"line":33},"3":{"name":"(anonymous_3)","decl":{"start":{"line":37,"column":26},"end":{"line":37,"column":27}},"loc":{"start":{"line":37,"column":40},"end":{"line":51,"column":1}},"line":37},"4":{"name":"(anonymous_4)","decl":{"start":{"line":44,"column":33},"end":{"line":44,"column":34}},"loc":{"start":{"line":44,"column":47},"end":{"line":44,"column":66}},"line":44}},"branchMap":{"0":{"loc":{"start":{"line":40,"column":1},"end":{"line":42,"column":2}},"type":"if","locations":[{"start":{"line":40,"column":1},"end":{"line":42,"column":2}},{"start":{},"end":{}}],"line":40},"1":{"loc":{"start":{"line":40,"column":5},"end":{"line":40,"column":27}},"type":"binary-expr","locations":[{"start":{"line":40,"column":5},"end":{"line":40,"column":15}},{"start":{"line":40,"column":19},"end":{"line":40,"column":27}}],"line":40},"2":{"loc":{"start":{"line":46,"column":1},"end":{"line":48,"column":2}},"type":"if","locations":[{"start":{"line":46,"column":1},"end":{"line":48,"column":2}},{"start":{},"end":{}}],"line":46}},"s":{"0":1,"1":1,"2":1,"3":1,"4":1,"5":1,"6":1,"7":1,"8":1,"9":15,"10":1,"11":1,"12":1,"13":2,"14":1,"15":1,"16":1,"17":1,"18":1,"19":0,"20":1,"21":5,"22":1,"23":0,"24":1,"25":1},"f":{"0":15,"1":2,"2":1,"3":1,"4":5},"b":{"0":[0,1],"1":[1,1],"2":[0,1]},"_coverageSchema":"1a1c01bbd47fc00a2c39e90264f33305004495a9","hash":"1140abddefb3aadbb1ebd385c3e83fe74ad7b661"}
}
