TN:
SF:app.js
FN:15,(anonymous_0)
FN:29,(anonymous_1)
FN:33,(anonymous_2)
FN:37,(anonymous_3)
FN:44,(anonymous_4)
FNF:5
FNH:5
FNDA:15,(anonymous_0)
FNDA:2,(anonymous_1)
FNDA:1,(anonymous_2)
FNDA:1,(anonymous_3)
FNDA:5,(anonymous_4)
DA:1,1
DA:2,1
DA:3,1
DA:5,1
DA:7,1
DA:8,1
DA:11,1
DA:12,1
DA:15,1
DA:16,15
DA:26,1
DA:27,1
DA:29,1
DA:30,2
DA:33,1
DA:34,1
DA:37,1
DA:38,1
DA:40,1
DA:41,0
DA:44,5
DA:46,1
DA:47,0
DA:50,1
DA:53,1
LF:25
LH:23
BRDA:40,0,0,0
BRDA:40,0,1,1
BRDA:40,1,0,1
BRDA:40,1,1,1
BRDA:46,2,0,0
BRDA:46,2,1,1
BRF:6
BRH:4
end_of_record
